{
  "stats": {
    "suites": 1,
    "tests": 1,
    "passes": 1,
    "pending": 0,
    "failures": 0,
    "start": "2023-05-08T23:54:42.125Z",
    "end": "2023-05-08T23:54:42.135Z",
    "duration": 10,
    "testsRegistered": 1,
    "passPercent": 100,
    "pendingPercent": 0,
    "other": 0,
    "hasOther": false,
    "skipped": 0,
    "hasSkipped": false
  },
  "results": [
    {
      "uuid": "c8e57d55-6b2d-4d9f-bc69-9877208465a7",
      "title": "",
      "fullFile": "C:\\Users\\boi\\Desktop\\CLEAN\\diplom_back\\server\\tests\\test-one.js",
      "file": "\\tests\\test-one.js",
      "beforeHooks": [],
      "afterHooks": [],
      "tests": [],
      "suites": [
        {
          "uuid": "c7d9045b-084c-41d6-b07a-7ffe708f887a",
          "title": "getCelcius",
          "fullFile": "C:\\Users\\boi\\Desktop\\CLEAN\\diplom_back\\server\\tests\\test-one.js",
          "file": "\\tests\\test-one.js",
          "beforeHooks": [],
          "afterHooks": [],
          "tests": [
            {
              "title": "should convert farenheit to celcius for all values in an array",
              "fullTitle": "getCelcius should convert farenheit to celcius for all values in an array",
              "timedOut": false,
              "duration": 2,
              "state": "passed",
              "speed": "fast",
              "pass": true,
              "fail": false,
              "pending": false,
              "context": null,
              "code": "expect(getCelcius(6, 10)).to.equal(16);\nexpect(getCelcius(242, 300)).to.equal(542);\nexpect(getCelcius(3, 0)).to.equal(3);",
              "err": {},
              "uuid": "5f2aac2d-9bb3-43ee-bfa0-44e5f95eab9a",
              "parentUUID": "c7d9045b-084c-41d6-b07a-7ffe708f887a",
              "isHook": false,
              "skipped": false
            }
          ],
          "suites": [],
          "passes": [
            "5f2aac2d-9bb3-43ee-bfa0-44e5f95eab9a"
          ],
          "failures": [],
          "pending": [],
          "skipped": [],
          "duration": 2,
          "root": false,
          "rootEmpty": false,
          "_timeout": 2000
        }
      ],
      "passes": [],
      "failures": [],
      "pending": [],
      "skipped": [],
      "duration": 0,
      "root": true,
      "rootEmpty": true,
      "_timeout": 2000
    }
  ],
  "meta": {
    "mocha": {
      "version": "10.2.0"
    },
    "mochawesome": {
      "options": {
        "quiet": false,
        "reportFilename": "mochawesome",
        "saveHtml": true,
        "saveJson": true,
        "consoleReporter": "spec",
        "useInlineDiffs": false,
        "code": true
      },
      "version": "7.1.3"
    },
    "marge": {
      "options": null,
      "version": "6.2.0"
    }
  }
}